# JRE version: Java(TM) SE Runtime Environment (8.0_45-b15) (build 1.8.0_45-b15)
# Java VM: Java HotSpot(TM) 64-Bit Server VM (25.45-b02 mixed mode windows-amd64 compressed oops)
Heap:
 PSYoungGen      total 93184K, used 53508K [0x000000076b400000, 0x0000000772e00000, 0x00000007c0000000)
  eden space 70656K, 48% used [0x000000076b400000,0x000000076d5236e8,0x000000076f900000)
  from space 22528K, 86% used [0x0000000771800000,0x0000000772b1dcb0,0x0000000772e00000)
  to   space 27136K, 0% used [0x000000076f900000,0x000000076f900000,0x0000000771380000)
 ParOldGen       total 687616K, used 434721K [0x00000006c1c00000, 0x00000006ebb80000, 0x000000076b400000)
  object space 687616K, 63% used [0x00000006c1c00000,0x00000006dc4886d0,0x00000006ebb80000)
 Metaspace       used 24203K, capacity 25094K, committed 25216K, reserved 1071104K
  class space    used 3004K, capacity 3200K, committed 3200K, reserved 1048576K
GC Heap History (10 events):
Event: 55.692 GC heap before
{Heap before GC invocations=24 (full 21):
 PSYoungGen      total 76288K, used 49428K [0x000000076b400000, 0x0000000771000000, 0x00000007c0000000)
  eden space 65536K, 75% used [0x000000076b400000,0x000000076e445350,0x000000076f400000)
  from space 10752K, 0% used [0x000000076f400000,0x000000076f400000,0x000000076fe80000)
  to   space 10752K, 0% used [0x0000000770580000,0x0000000770580000,0x0000000771000000)
 ParOldGen       total 623616K, used 609939K [0x00000006c1c00000, 0x00000006e7d00000, 0x000000076b400000)
  object space 623616K, 97% used [0x00000006c1c00000,0x00000006e6fa4ec0,0x00000006e7d00000)
 Metaspace       used 14114K, capacity 14558K, committed 14720K, reserved 1062912K
  class space    used 1766K, capacity 1890K, committed 1920K, reserved 1048576K
Event: 55.713 GC heap after
Heap after GC invocations=24 (full 21):
 PSYoungGen      total 76288K, used 0K [0x000000076b400000, 0x0000000771000000, 0x00000007c0000000)
  eden space 65536K, 0% used [0x000000076b400000,0x000000076b400000,0x000000076f400000)
  from space 10752K, 0% used [0x000000076f400000,0x000000076f400000,0x000000076fe80000)
  to   space 10752K, 0% used [0x0000000770580000,0x0000000770580000,0x0000000771000000)
 ParOldGen       total 629248K, used 408044K [0x00000006c1c00000, 0x00000006e8280000, 0x000000076b400000)
  object space 629248K, 64% used [0x00000006c1c00000,0x00000006daa7b080,0x00000006e8280000)
 Metaspace       used 14114K, capacity 14558K, committed 14720K, reserved 1062912K
  class space    used 1766K, capacity 1890K, committed 1920K, reserved 1048576K
}
Event: 56.425 GC heap before
{Heap before GC invocations=25 (full 21):
 PSYoungGen      total 76288K, used 65414K [0x000000076b400000, 0x0000000771000000, 0x00000007c0000000)
  eden space 65536K, 99% used [0x000000076b400000,0x000000076f3e1bb8,0x000000076f400000)
  from space 10752K, 0% used [0x000000076f400000,0x000000076f400000,0x000000076fe80000)
  to   space 10752K, 0% used [0x0000000770580000,0x0000000770580000,0x0000000771000000)
 ParOldGen       total 629248K, used 479486K [0x00000006c1c00000, 0x00000006e8280000, 0x000000076b400000)
  object space 629248K, 76% used [0x00000006c1c00000,0x00000006df03f8a0,0x00000006e8280000)
 Metaspace       used 14114K, capacity 14558K, committed 14720K, reserved 1062912K
  class space    used 1766K, capacity 1890K, committed 1920K, reserved 1048576K
Event: 56.427 GC heap after
Heap after GC invocations=25 (full 21):
 PSYoungGen      total 80384K, used 5138K [0x000000076b400000, 0x0000000770e80000, 0x00000007c0000000)
  eden space 71168K, 0% used [0x000000076b400000,0x000000076b400000,0x000000076f980000)
  from space 9216K, 55% used [0x0000000770580000,0x0000000770a848b0,0x0000000770e80000)
  to   space 10752K, 0% used [0x000000076f980000,0x000000076f980000,0x0000000770400000)
 ParOldGen       total 629248K, used 479486K [0x00000006c1c00000, 0x00000006e8280000, 0x000000076b400000)
  object space 629248K, 76% used [0x00000006c1c00000,0x00000006df03f8a0,0x00000006e8280000)
 Metaspace       used 14114K, capacity 14558K, committed 14720K, reserved 1062912K
  class space    used 1766K, capacity 1890K, committed 1920K, reserved 1048576K
}
Event: 58.884 GC heap before
{Heap before GC invocations=26 (full 22):
 PSYoungGen      total 80384K, used 76306K [0x000000076b400000, 0x0000000770e80000, 0x00000007c0000000)
  eden space 71168K, 100% used [0x000000076b400000,0x000000076f980000,0x000000076f980000)
  from space 9216K, 55% used [0x0000000770580000,0x0000000770a848b0,0x0000000770e80000)
  to   space 10752K, 0% used [0x000000076f980000,0x000000076f980000,0x0000000770400000)
 ParOldGen       total 808448K, used 800975K [0x00000006c1c00000, 0x00000006f3180000, 0x000000076b400000)
  object space 808448K, 99% used [0x00000006c1c00000,0x00000006f2a33d30,0x00000006f3180000)
 Metaspace       used 16340K, capacity 16978K, committed 17280K, reserved 1064960K
  class space    used 2199K, capacity 2350K, committed 2432K, reserved 1048576K
Event: 58.917 GC heap after
Heap after GC invocations=26 (full 22):
 PSYoungGen      total 80384K, used 0K [0x000000076b400000, 0x0000000770e80000, 0x00000007c0000000)
  eden space 71168K, 0% used [0x000000076b400000,0x000000076b400000,0x000000076f980000)
  from space 9216K, 0% used [0x0000000770580000,0x0000000770580000,0x0000000770e80000)
  to   space 10752K, 0% used [0x000000076f980000,0x000000076f980000,0x0000000770400000)
 ParOldGen       total 687616K, used 434689K [0x00000006c1c00000, 0x00000006ebb80000, 0x000000076b400000)
  object space 687616K, 63% used [0x00000006c1c00000,0x00000006dc4805f0,0x00000006ebb80000)
 Metaspace       used 16340K, capacity 16978K, committed 17280K, reserved 1064960K
  class space    used 2199K, capacity 2350K, committed 2432K, reserved 1048576K
}
Event: 60.450 GC heap before
{Heap before GC invocations=27 (full 22):
 PSYoungGen      total 80384K, used 71168K [0x000000076b400000, 0x0000000770e80000, 0x00000007c0000000)
  eden space 71168K, 100% used [0x000000076b400000,0x000000076f980000,0x000000076f980000)
  from space 9216K, 0% used [0x0000000770580000,0x0000000770580000,0x0000000770e80000)
  to   space 10752K, 0% used [0x000000076f980000,0x000000076f980000,0x0000000770400000)
 ParOldGen       total 687616K, used 434689K [0x00000006c1c00000, 0x00000006ebb80000, 0x000000076b400000)
  object space 687616K, 63% used [0x00000006c1c00000,0x00000006dc4805f0,0x00000006ebb80000)
 Metaspace       used 22471K, capacity 23374K, committed 23680K, reserved 1069056K
  class space    used 2885K, capacity 3074K, committed 3200K, reserved 1048576K
Event: 60.456 GC heap after
Heap after GC invocations=27 (full 22):
 PSYoungGen      total 81920K, used 9181K [0x000000076b400000, 0x0000000772f80000, 0x00000007c0000000)
  eden space 71168K, 0% used [0x000000076b400000,0x000000076b400000,0x000000076f980000)
  from space 10752K, 85% used [0x000000076f980000,0x0000000770277508,0x0000000770400000)
  to   space 24064K, 0% used [0x0000000771800000,0x0000000771800000,0x0000000772f80000)
 ParOldGen       total 687616K, used 434705K [0x00000006c1c00000, 0x00000006ebb80000, 0x000000076b400000)
  object space 687616K, 63% used [0x00000006c1c00000,0x00000006dc4845f0,0x00000006ebb80000)
 Metaspace       used 22471K, capacity 23374K, committed 23680K, reserved 1069056K
  class space    used 2885K, capacity 3074K, committed 3200K, reserved 1048576K
}
Event: 89.018 GC heap before
{Heap before GC invocations=28 (full 22):
 PSYoungGen      total 81920K, used 80349K [0x000000076b400000, 0x0000000772f80000, 0x00000007c0000000)
  eden space 71168K, 100% used [0x000000076b400000,0x000000076f980000,0x000000076f980000)
  from space 10752K, 85% used [0x000000076f980000,0x0000000770277508,0x0000000770400000)
  to   space 24064K, 0% used [0x0000000771800000,0x0000000771800000,0x0000000772f80000)
 ParOldGen       total 687616K, used 434705K [0x00000006c1c00000, 0x00000006ebb80000, 0x000000076b400000)
  object space 687616K, 63% used [0x00000006c1c00000,0x00000006dc4846d0,0x00000006ebb80000)
 Metaspace       used 24041K, capacity 24966K, committed 25216K, reserved 1071104K
  class space    used 3004K, capacity 3200K, committed 3200K, reserved 1048576K
Event: 89.026 GC heap after
Heap after GC invocations=28 (full 22):
 PSYoungGen      total 93184K, used 19575K [0x000000076b400000, 0x0000000772e00000, 0x00000007c0000000)
  eden space 70656K, 0% used [0x000000076b400000,0x000000076b400000,0x000000076f900000)
  from space 22528K, 86% used [0x0000000771800000,0x0000000772b1dcb0,0x0000000772e00000)
  to   space 27136K, 0% used [0x000000076f900000,0x000000076f900000,0x0000000771380000)
 ParOldGen       total 687616K, used 434721K [0x00000006c1c00000, 0x00000006ebb80000, 0x000000076b400000)
  object space 687616K, 63% used [0x00000006c1c00000,0x00000006dc4886d0,0x00000006ebb80000)
 Metaspace       used 24041K, capacity 24966K, committed 25216K, reserved 1071104K
  class space    used 3004K, capacity 3200K, committed 3200K, reserved 1048576K
}

